[35m[Appium][39m Welcome to Appium v1.22.3
[35m[Appium][39m Non-default server args:
[35m[Appium][39m   port: 55204
[35m[Appium][39m   loglevel: info
[35m[Appium][39m   tmpDir: C:\Users\ASUS\AppData\Local\Temp\\Katalon\Appium\Temp1708336269506
[35m[Appium][39m   chromedriverPort: 55205
[35m[Appium][39m Deprecated server args:
[35m[Appium][39m   [31m--chromedriver-port[39m => --default-capabilities
[35m[Appium][39m Default capabilities, which will be added to each request unless overridden by desired capabilities:
[35m[Appium][39m   chromedriverPort: 55205
[35m[Appium][39m Appium REST http interface listener started on 0.0.0.0:55204
[35m[HTTP][39m [37m-->[39m [37mGET[39m [37m/wd/hub/status[39m
[35m[HTTP][39m [90m{}[39m
[35m[HTTP][39m [37m<-- GET /wd/hub/status [39m[32m200[39m [90m8 ms - 68[39m
[35m[HTTP][39m [90m[39m
[35m[HTTP][39m [37m-->[39m [37mGET[39m [37m/wd/hub/status[39m
[35m[HTTP][39m [90m{}[39m
[35m[HTTP][39m [37m<-- GET /wd/hub/status [39m[32m200[39m [90m2 ms - 68[39m
[35m[HTTP][39m [90m[39m
[35m[HTTP][39m [37m-->[39m [37mPOST[39m [37m/wd/hub/session[39m
[35m[HTTP][39m [90m{"desiredCapabilities":{"appActivity":".Settings","appPackage":"com.android.settings","newCommandTimeout":1800,"platformVersion":"11","automationName":"uiautomator2","autoGrantPermissions":true,"platformName":"Android","udid":"emulator-5554","deviceName":"emulator-5554 (sdk_gphone_x86 - Android 11)","platform":"ANDROID","systemPort":8228},"capabilities":{"firstMatch":[{"appium:appActivity":".Settings","appium:appPackage":"com.android.settings","appium:autoGrantPermissions":true,"appium:automationName":"uiautomator2","appium:deviceName":"emulator-5554 (sdk_gphone_x86 - Android 11)","appium:newCommandTimeout":1800,"platform":"ANDROID","platformName":"android","appium:platformVersion":"11","appium:systemPort":8228,"appium:udid":"emulator-5554"}]}}[39m
[35m[BaseDriver][39m The following capabilities are not standard capabilities and should have an extension prefix:
[35m[BaseDriver][39m   platform
[35m[BaseDriver][39m   chromedriverPort
[35m[Appium][39m Appium v1.22.3 creating new AndroidUiautomator2Driver (v1.70.1) session
[35m[BaseDriver][39m The following capabilities were provided, but are not recognized by Appium:
[35m[BaseDriver][39m   platform
[35m[BaseDriver][39m Session created with session id: c25731e3-25f3-4c1b-8674-eedc427b3d3a
[35m[UiAutomator2][39m Starting 'com.android.settings' directly on the device
[35m[ADB][39m Found 1 'build-tools' folders under 'C:\Users\ASUS\AppData\Local\Android\Sdk' (newest first):
[35m[ADB][39m     C:/Users/ASUS/AppData/Local/Android/Sdk/build-tools/34.0.0
[35m[ADB][39m Using 'adb.exe' from 'C:\Users\ASUS\AppData\Local\Android\Sdk\platform-tools\adb.exe'
[35m[AndroidDriver][39m Retrieving device list
[35m[AndroidDriver][39m Using device: emulator-5554
[35m[ADB][39m Using 'adb.exe' from 'C:\Users\ASUS\AppData\Local\Android\Sdk\platform-tools\adb.exe'
[35m[ADB][39m Getting device platform version
[35m[UiAutomator2][39m Relaxing hidden api policy
[35m[AndroidDriver][39m No app sent in, not parsing package/activity
[35m[ADB][39m Using 'apksigner.jar' from 'C:\Users\ASUS\AppData\Local\Android\Sdk\build-tools\34.0.0\lib\apksigner.jar'
[35m[ADB][39m 'C:\Users\ASUS\AppData\Roaming\npm\node_modules\appium\node_modules\appium-uiautomator2-server\apks\appium-uiautomator2-server-v4.27.0.apk' is signed with the default certificate
[35m[ADB][39m 'C:\Users\ASUS\AppData\Roaming\npm\node_modules\appium\node_modules\appium-uiautomator2-server\apks\appium-uiautomator2-server-debug-androidTest.apk' is signed with the default certificate
[35m[UiAutomator2][39m Server packages are not going to be (re)installed
[35m[ADB][39m Adding packages ["io.appium.settings","io.appium.uiautomator2.server","io.appium.uiautomator2.server.test"] to Doze whitelist
[35m[UiAutomator2][39m Starting UIAutomator2 server 4.27.0
[35m[UiAutomator2][39m Using UIAutomator2 server from 'C:\Users\ASUS\AppData\Roaming\npm\node_modules\appium\node_modules\appium-uiautomator2-server\apks\appium-uiautomator2-server-v4.27.0.apk' and test from 'C:\Users\ASUS\AppData\Roaming\npm\node_modules\appium\node_modules\appium-uiautomator2-server\apks\appium-uiautomator2-server-debug-androidTest.apk'
[35m[UiAutomator2][39m Waiting up to 30000ms for UiAutomator2 to be online...
[35m[WD Proxy][39m socket hang up
[35m[WD Proxy][39m socket hang up
[35m[WD Proxy][39m socket hang up
[35m[WD Proxy][39m socket hang up
[35m[WD Proxy][39m socket hang up
[35m[WD Proxy][39m Determined the downstream protocol as 'W3C'
[35m[AndroidDriver][39m Screen already unlocked, doing nothing
[35m[UiAutomator2][39m Starting 'com.android.settings/.Settings and waiting for 'com.android.settings/.Settings'
[35m[Appium][39m New AndroidUiautomator2Driver session created successfully, session c25731e3-25f3-4c1b-8674-eedc427b3d3a added to master session list
[35m[HTTP][39m [37m<-- POST /wd/hub/session [39m[32m200[39m [90m22033 ms - 1186[39m
[35m[HTTP][39m [90m[39m
[35m[HTTP][39m [37m-->[39m [37mGET[39m [37m/wd/hub/session/c25731e3-25f3-4c1b-8674-eedc427b3d3a[39m
[35m[HTTP][39m [90m{}[39m
[35m[HTTP][39m [37m<-- GET /wd/hub/session/c25731e3-25f3-4c1b-8674-eedc427b3d3a [39m[32m200[39m [90m95 ms - 1140[39m
[35m[HTTP][39m [90m[39m
[35m[HTTP][39m [37m-->[39m [37mGET[39m [37m/wd/hub/session/c25731e3-25f3-4c1b-8674-eedc427b3d3a[39m
[35m[HTTP][39m [90m{}[39m
[35m[HTTP][39m [37m<-- GET /wd/hub/session/c25731e3-25f3-4c1b-8674-eedc427b3d3a [39m[32m200[39m [90m77 ms - 1140[39m
[35m[HTTP][39m [90m[39m
[35m[HTTP][39m [37m-->[39m [37mGET[39m [37m/wd/hub/status[39m
[35m[HTTP][39m [90m{}[39m
[35m[HTTP][39m [37m<-- GET /wd/hub/status [39m[32m200[39m [90m2 ms - 68[39m
[35m[HTTP][39m [90m[39m
[35m[HTTP][39m [37m-->[39m [37mPOST[39m [37m/wd/hub/session/c25731e3-25f3-4c1b-8674-eedc427b3d3a/timeouts[39m
[35m[HTTP][39m [90m{"implicit":60000}[39m
[35m[HTTP][39m [37m<-- POST /wd/hub/session/c25731e3-25f3-4c1b-8674-eedc427b3d3a/timeouts [39m[32m200[39m [90m6 ms - 14[39m
[35m[HTTP][39m [90m[39m
[35m[HTTP][39m [37m-->[39m [37mGET[39m [37m/wd/hub/session/c25731e3-25f3-4c1b-8674-eedc427b3d3a/screenshot[39m
[35m[HTTP][39m [90m{}[39m
[35m[HTTP][39m [37m<-- GET /wd/hub/session/c25731e3-25f3-4c1b-8674-eedc427b3d3a/screenshot [39m[32m200[39m [90m3399 ms - 236694[39m
[35m[HTTP][39m [90m[39m
[35m[HTTP][39m [37m-->[39m [37mGET[39m [37m/wd/hub/session/c25731e3-25f3-4c1b-8674-eedc427b3d3a/window/rect[39m
[35m[HTTP][39m [90m{}[39m
[35m[HTTP][39m [37m<-- GET /wd/hub/session/c25731e3-25f3-4c1b-8674-eedc427b3d3a/window/rect [39m[32m200[39m [90m68 ms - 50[39m
[35m[HTTP][39m [90m[39m
[35m[HTTP][39m [37m-->[39m [37mGET[39m [37m/wd/hub/session/c25731e3-25f3-4c1b-8674-eedc427b3d3a/appium/device/system_bars[39m
[35m[HTTP][39m [90m{}[39m
[35m[HTTP][39m [37m<-- GET /wd/hub/session/c25731e3-25f3-4c1b-8674-eedc427b3d3a/appium/device/system_bars [39m[32m200[39m [90m351 ms - 149[39m
[35m[HTTP][39m [90m[39m
[35m[HTTP][39m [37m-->[39m [37mPOST[39m [37m/wd/hub/session/c25731e3-25f3-4c1b-8674-eedc427b3d3a/appium/device/activate_app[39m
[35m[HTTP][39m [90m{"bundleId":"com.Advantage.aShopping"}[39m
[35m[HTTP][39m [37m<-- POST /wd/hub/session/c25731e3-25f3-4c1b-8674-eedc427b3d3a/appium/device/activate_app [39m[32m200[39m [90m1557 ms - 14[39m
[35m[HTTP][39m [90m[39m
[35m[HTTP][39m [37m-->[39m [37mGET[39m [37m/wd/hub/session/c25731e3-25f3-4c1b-8674-eedc427b3d3a/source[39m
[35m[HTTP][39m [90m{}[39m
[35m[W3C (c25731e3)][39m Driver proxy active, passing request on via HTTP proxy
[35m[WD Proxy][39m Replacing sessionId 35d79ff0-78a1-47e2-beef-7f7d7a875f51 with c25731e3-25f3-4c1b-8674-eedc427b3d3a
[35m[HTTP][39m [37m<-- GET /wd/hub/session/c25731e3-25f3-4c1b-8674-eedc427b3d3a/source [39m[32m200[39m [90m1518 ms - 18367[39m
[35m[HTTP][39m [90m[39m
[35m[HTTP][39m [37m-->[39m [37mGET[39m [37m/wd/hub/session/c25731e3-25f3-4c1b-8674-eedc427b3d3a/screenshot[39m
[35m[HTTP][39m [90m{}[39m
[35m[HTTP][39m [37m<-- GET /wd/hub/session/c25731e3-25f3-4c1b-8674-eedc427b3d3a/screenshot [39m[32m200[39m [90m2993 ms - 36270[39m
[35m[HTTP][39m [90m[39m
[35m[HTTP][39m [37m-->[39m [37mGET[39m [37m/wd/hub/session/c25731e3-25f3-4c1b-8674-eedc427b3d3a/source[39m
[35m[HTTP][39m [90m{}[39m
[35m[W3C (c25731e3)][39m Driver proxy active, passing request on via HTTP proxy
[35m[WD Proxy][39m Replacing sessionId 35d79ff0-78a1-47e2-beef-7f7d7a875f51 with c25731e3-25f3-4c1b-8674-eedc427b3d3a
[35m[HTTP][39m [37m<-- GET /wd/hub/session/c25731e3-25f3-4c1b-8674-eedc427b3d3a/source [39m[32m200[39m [90m309 ms - 14222[39m
[35m[HTTP][39m [90m[39m
[35m[HTTP][39m [37m-->[39m [37mGET[39m [37m/wd/hub/session/c25731e3-25f3-4c1b-8674-eedc427b3d3a/screenshot[39m
[35m[HTTP][39m [90m{}[39m
[35m[HTTP][39m [37m<-- GET /wd/hub/session/c25731e3-25f3-4c1b-8674-eedc427b3d3a/screenshot [39m[32m200[39m [90m3724 ms - 2210196[39m
[35m[HTTP][39m [90m[39m
[35m[HTTP][39m [37m-->[39m [37mPOST[39m [37m/wd/hub/session/c25731e3-25f3-4c1b-8674-eedc427b3d3a/elements[39m
[35m[HTTP][39m [90m{"using":"xpath","value":"//*[@class = 'android.widget.ImageView' and @resource-id = 'com.Advantage.aShopping:id/imageViewSearch' and (@text = '' or . = '')]"}[39m
[35m[HTTP][39m [37m<-- POST /wd/hub/session/c25731e3-25f3-4c1b-8674-eedc427b3d3a/elements [39m[32m200[39m [90m1398 ms - 139[39m
[35m[HTTP][39m [90m[39m
[35m[HTTP][39m [37m-->[39m [37mGET[39m [37m/wd/hub/session/c25731e3-25f3-4c1b-8674-eedc427b3d3a/window/rect[39m
[35m[HTTP][39m [90m{}[39m
[35m[HTTP][39m [37m<-- GET /wd/hub/session/c25731e3-25f3-4c1b-8674-eedc427b3d3a/window/rect [39m[32m200[39m [90m16 ms - 50[39m
[35m[HTTP][39m [90m[39m
[35m[HTTP][39m [37m-->[39m [37mPOST[39m [37m/wd/hub/session/c25731e3-25f3-4c1b-8674-eedc427b3d3a/elements[39m
[35m[HTTP][39m [90m{"using":"xpath","value":"//*[@class = 'android.widget.ImageView' and @resource-id = 'com.Advantage.aShopping:id/imageViewSearch' and (@text = '' or . = '')]"}[39m
[35m[HTTP][39m [37m<-- POST /wd/hub/session/c25731e3-25f3-4c1b-8674-eedc427b3d3a/elements [39m[32m200[39m [90m230 ms - 139[39m
[35m[HTTP][39m [90m[39m
[35m[HTTP][39m [37m-->[39m [37mGET[39m [37m/wd/hub/session/c25731e3-25f3-4c1b-8674-eedc427b3d3a/element/00000000-0000-0457-ffff-ffff00000021/location[39m
[35m[HTTP][39m [90m{}[39m
[35m[W3C (c25731e3)][39m Driver proxy active, passing request on via HTTP proxy
[35m[WD Proxy][39m Replacing sessionId 35d79ff0-78a1-47e2-beef-7f7d7a875f51 with c25731e3-25f3-4c1b-8674-eedc427b3d3a
[35m[HTTP][39m [37m<-- GET /wd/hub/session/c25731e3-25f3-4c1b-8674-eedc427b3d3a/element/00000000-0000-0457-ffff-ffff00000021/location [39m[32m200[39m [90m37 ms - 78[39m
[35m[HTTP][39m [90m[39m
[35m[HTTP][39m [37m-->[39m [37mPOST[39m [37m/wd/hub/session/c25731e3-25f3-4c1b-8674-eedc427b3d3a/element/00000000-0000-0457-ffff-ffff00000021/click[39m
[35m[HTTP][39m [90m{"id":"00000000-0000-0457-ffff-ffff00000021"}[39m
[35m[HTTP][39m [37m<-- POST /wd/hub/session/c25731e3-25f3-4c1b-8674-eedc427b3d3a/element/00000000-0000-0457-ffff-ffff00000021/click [39m[32m200[39m [90m139 ms - 14[39m
[35m[HTTP][39m [90m[39m
[35m[HTTP][39m [37m-->[39m [37mGET[39m [37m/wd/hub/session/c25731e3-25f3-4c1b-8674-eedc427b3d3a/source[39m
[35m[HTTP][39m [90m{}[39m
[35m[W3C (c25731e3)][39m Driver proxy active, passing request on via HTTP proxy
[35m[WD Proxy][39m Replacing sessionId 35d79ff0-78a1-47e2-beef-7f7d7a875f51 with c25731e3-25f3-4c1b-8674-eedc427b3d3a
[35m[HTTP][39m [37m<-- GET /wd/hub/session/c25731e3-25f3-4c1b-8674-eedc427b3d3a/source [39m[32m200[39m [90m1514 ms - 16831[39m
[35m[HTTP][39m [90m[39m
[35m[HTTP][39m [37m-->[39m [37mGET[39m [37m/wd/hub/session/c25731e3-25f3-4c1b-8674-eedc427b3d3a/screenshot[39m
[35m[HTTP][39m [90m{}[39m
[35m[HTTP][39m [37m<-- GET /wd/hub/session/c25731e3-25f3-4c1b-8674-eedc427b3d3a/screenshot [39m[32m200[39m [90m1406 ms - 129628[39m
[35m[HTTP][39m [90m[39m
[35m[HTTP][39m [37m-->[39m [37mGET[39m [37m/wd/hub/session/c25731e3-25f3-4c1b-8674-eedc427b3d3a/source[39m
[35m[HTTP][39m [90m{}[39m
[35m[W3C (c25731e3)][39m Driver proxy active, passing request on via HTTP proxy
[35m[WD Proxy][39m Replacing sessionId 35d79ff0-78a1-47e2-beef-7f7d7a875f51 with c25731e3-25f3-4c1b-8674-eedc427b3d3a
[35m[HTTP][39m [37m<-- GET /wd/hub/session/c25731e3-25f3-4c1b-8674-eedc427b3d3a/source [39m[32m200[39m [90m185 ms - 16831[39m
[35m[HTTP][39m [90m[39m
[35m[HTTP][39m [37m-->[39m [37mGET[39m [37m/wd/hub/session/c25731e3-25f3-4c1b-8674-eedc427b3d3a/screenshot[39m
[35m[HTTP][39m [90m{}[39m
[35m[HTTP][39m [37m<-- GET /wd/hub/session/c25731e3-25f3-4c1b-8674-eedc427b3d3a/screenshot [39m[32m200[39m [90m1508 ms - 565648[39m
[35m[HTTP][39m [90m[39m
[35m[HTTP][39m [37m-->[39m [37mPOST[39m [37m/wd/hub/session/c25731e3-25f3-4c1b-8674-eedc427b3d3a/elements[39m
[35m[HTTP][39m [90m{"using":"xpath","value":"//*[@class = 'android.widget.RelativeLayout' and @resource-id = 'com.Advantage.aShopping:id/RelativeLayoutProductControl' and (@text = '' or . = '')]"}[39m
[35m[HTTP][39m [37m<-- POST /wd/hub/session/c25731e3-25f3-4c1b-8674-eedc427b3d3a/elements [39m[32m200[39m [90m372 ms - 395[39m
[35m[HTTP][39m [90m[39m
[35m[HTTP][39m [37m-->[39m [37mPOST[39m [37m/wd/hub/session/c25731e3-25f3-4c1b-8674-eedc427b3d3a/elements[39m
[35m[HTTP][39m [90m{"using":"id","value":"com.Advantage.aShopping:id/RelativeLayoutProductControl"}[39m
[35m[HTTP][39m [37m<-- POST /wd/hub/session/c25731e3-25f3-4c1b-8674-eedc427b3d3a/elements [39m[32m200[39m [90m77 ms - 395[39m
[35m[HTTP][39m [90m[39m
[35m[HTTP][39m [37m-->[39m [37mPOST[39m [37m/wd/hub/session/c25731e3-25f3-4c1b-8674-eedc427b3d3a/elements[39m
[35m[HTTP][39m [90m{"using":"-android uiautomator","value":"new UiSelector().className(\"android.widget.RelativeLayout\").resourceId(\"com.Advantage.aShopping:id/RelativeLayoutProductControl\")"}[39m
[35m[HTTP][39m [37m<-- POST /wd/hub/session/c25731e3-25f3-4c1b-8674-eedc427b3d3a/elements [39m[32m200[39m [90m234 ms - 395[39m
[35m[HTTP][39m [90m[39m
[35m[HTTP][39m [37m-->[39m [37mGET[39m [37m/wd/hub/session/c25731e3-25f3-4c1b-8674-eedc427b3d3a/window/rect[39m
[35m[HTTP][39m [90m{}[39m
[35m[HTTP][39m [37m<-- GET /wd/hub/session/c25731e3-25f3-4c1b-8674-eedc427b3d3a/window/rect [39m[32m200[39m [90m20 ms - 50[39m
[35m[HTTP][39m [90m[39m
[35m[HTTP][39m [37m-->[39m [37mPOST[39m [37m/wd/hub/session/c25731e3-25f3-4c1b-8674-eedc427b3d3a/elements[39m
[35m[HTTP][39m [90m{"using":"xpath","value":"//hierarchy/android.widget.FrameLayout[1]/android.widget.LinearLayout[1]/android.widget.FrameLayout[1]/android.widget.LinearLayout[1]/android.widget.FrameLayout[1]/androidx.drawerlayout.widget.DrawerLayout[1]/android.view.ViewGroup[1]/android.widget.LinearLayout[2]/android.widget.RelativeLayout[1]/android.widget.LinearLayout[1]/android.widget.GridView[1]/android.widget.RelativeLayout[3]"}[39m
[35m[HTTP][39m [37m<-- POST /wd/hub/session/c25731e3-25f3-4c1b-8674-eedc427b3d3a/elements [39m[32m200[39m [90m227 ms - 139[39m
[35m[HTTP][39m [90m[39m
[35m[HTTP][39m [37m-->[39m [37mGET[39m [37m/wd/hub/session/c25731e3-25f3-4c1b-8674-eedc427b3d3a/element/00000000-0000-0457-ffff-ffff00000075/location[39m
[35m[HTTP][39m [90m{}[39m
[35m[W3C (c25731e3)][39m Driver proxy active, passing request on via HTTP proxy
[35m[WD Proxy][39m Replacing sessionId 35d79ff0-78a1-47e2-beef-7f7d7a875f51 with c25731e3-25f3-4c1b-8674-eedc427b3d3a
[35m[HTTP][39m [37m<-- GET /wd/hub/session/c25731e3-25f3-4c1b-8674-eedc427b3d3a/element/00000000-0000-0457-ffff-ffff00000075/location [39m[32m200[39m [90m432 ms - 77[39m
[35m[HTTP][39m [90m[39m
[35m[HTTP][39m [37m-->[39m [37mPOST[39m [37m/wd/hub/session/c25731e3-25f3-4c1b-8674-eedc427b3d3a/element/00000000-0000-0457-ffff-ffff00000075/click[39m
[35m[HTTP][39m [90m{"id":"00000000-0000-0457-ffff-ffff00000075"}[39m
[35m[HTTP][39m [37m<-- POST /wd/hub/session/c25731e3-25f3-4c1b-8674-eedc427b3d3a/element/00000000-0000-0457-ffff-ffff00000075/click [39m[32m200[39m [90m889 ms - 14[39m
[35m[HTTP][39m [90m[39m
[35m[HTTP][39m [37m-->[39m [37mGET[39m [37m/wd/hub/session/c25731e3-25f3-4c1b-8674-eedc427b3d3a/source[39m
[35m[HTTP][39m [90m{}[39m
[35m[W3C (c25731e3)][39m Driver proxy active, passing request on via HTTP proxy
[35m[WD Proxy][39m Replacing sessionId 35d79ff0-78a1-47e2-beef-7f7d7a875f51 with c25731e3-25f3-4c1b-8674-eedc427b3d3a
[35m[HTTP][39m [37m<-- GET /wd/hub/session/c25731e3-25f3-4c1b-8674-eedc427b3d3a/source [39m[32m200[39m [90m637 ms - 19823[39m
[35m[HTTP][39m [90m[39m
[35m[HTTP][39m [37m-->[39m [37mGET[39m [37m/wd/hub/session/c25731e3-25f3-4c1b-8674-eedc427b3d3a/screenshot[39m
[35m[HTTP][39m [90m{}[39m
[35m[HTTP][39m [37m<-- GET /wd/hub/session/c25731e3-25f3-4c1b-8674-eedc427b3d3a/screenshot [39m[32m200[39m [90m1891 ms - 373272[39m
[35m[HTTP][39m [90m[39m
[35m[HTTP][39m [37m-->[39m [37mDELETE[39m [37m/wd/hub/session/c25731e3-25f3-4c1b-8674-eedc427b3d3a[39m
[35m[HTTP][39m [90m{}[39m
[35m[Appium][39m Removing session c25731e3-25f3-4c1b-8674-eedc427b3d3a from our master session list
[35m[UiAutomator2][39m Restoring hidden api policy to the device default configuration
[35m[HTTP][39m [37m<-- DELETE /wd/hub/session/c25731e3-25f3-4c1b-8674-eedc427b3d3a [39m[32m200[39m [90m1454 ms - 14[39m
[35m[HTTP][39m [90m[39m
